[debug] [2021-05-02T09:37:18.507Z] ----------------------------------------------------------------------
[debug] [2021-05-02T09:37:18.510Z] Command:       C:\Program Files\nodejs\node.exe C:\Users\nandy\AppData\Roaming\npm\node_modules\firebase-tools\lib\bin\firebase.js init
[debug] [2021-05-02T09:37:18.511Z] CLI Version:   9.10.0
[debug] [2021-05-02T09:37:18.511Z] Platform:      win32
[debug] [2021-05-02T09:37:18.511Z] Node Version:  v13.11.0
[debug] [2021-05-02T09:37:18.513Z] Time:          Sun May 02 2021 15:07:18 GMT+0530 (India Standard Time)
[debug] [2021-05-02T09:37:18.513Z] ----------------------------------------------------------------------
[debug] 
[debug] [2021-05-02T09:37:18.523Z] > command requires scopes: ["email","openid","https://www.googleapis.com/auth/cloudplatformprojects.readonly","https://www.googleapis.com/auth/firebase","https://www.googleapis.com/auth/cloud-platform"]
[debug] [2021-05-02T09:37:18.523Z] > authorizing via signed-in user (nandysouvik309@gmail.com)
[info] 
     ######## #### ########  ######## ########     ###     ######  ########
     ##        ##  ##     ## ##       ##     ##  ##   ##  ##       ##
     ######    ##  ########  ######   ########  #########  ######  ######
     ##        ##  ##    ##  ##       ##     ## ##     ##       ## ##
     ##       #### ##     ## ######## ########  ##     ##  ######  ########

You're about to initialize a Firebase project in this directory:

  C:\Users\nandy\Documents\JavaScript\COVID TRAKER\covid-tracker-app

[info] 
=== Project Setup
[info] 
[info] First, let's associate this project directory with a Firebase project.
[info] You can create multiple project aliases by running firebase use --add, 
[info] but for now we'll just set up a default project.
[info] 
[debug] [2021-05-02T09:37:24.764Z] >>> [apiv2][query] GET https://firebase.googleapis.com/v1beta1/projects pageSize=100
[debug] [2021-05-02T09:37:24.785Z] Failed to make request to https://firebase.googleapis.com/v1beta1/projects?pageSize=100
[debug] [2021-05-02T09:37:24.802Z] FirebaseError: Failed to make request to https://firebase.googleapis.com/v1beta1/projects?pageSize=100
    at Client.doRequest (C:\Users\nandy\AppData\Roaming\npm\node_modules\firebase-tools\lib\apiv2.js:211:19)
    at processTicksAndRejections (internal/process/task_queues.js:97:5)
[error] 
[error] Error: Failed to list Firebase projects. See firebase-debug.log for more info.
